android/app/build/outputs/mapping/release/seeds.txt
com.indheart.MainApplication
com.indheart.MainActivity
com.indheart.MainApplication: MainApplication()
com.indheart.MainActivity: MainActivity()
...
com.facebook.react.bridge.JavaMethodWrapper: com.facebook.react.bridge.JavaMethodWrapper$ArgumentExtractor ARGUMENT_EXTRACTOR_BOOLEAN
expo.modules.blur.enums.TintStyle: expo.modules.blur.enums.TintStyle SYSTEM_THIN_MATERIAL
com.facebook.react.fabric.mounting.mountitems.IntBufferBatchMountItem: int INSTRUCTION_INSERT
com.facebook.react.interfaces.exceptionmanager.ReactJsExceptionHandler$ParsedErrorImpl: java.util.ArrayList frames
kotlinx.coroutines.JobSupport$Finishing: int _isCompleting
com.facebook.react.bridge.Inspector$Page: java.lang.String mVM
com.swmansion.reanimated.layoutReanimation.AnimationsManager: com.swmansion.reanimated.layoutReanimation.ReanimatedNativeHierarchyManager mReanimatedNativeHierarchyManager
com.brentvatne.exoplayer.ReactExoplayerViewManager: java.lang.String PROP_SHOW_NOTIFICATION_CONTROLS
com.facebook.react.bridge.JSBundleLoader$2: boolean val$loadSynchronously
com.swmansion.rnscreens.ScreenStackViewManager: com.facebook.react.uimanager.ViewManagerDelegate delegate
com.google.common.util.concurrent.AbstractFuture: com.google.common.util.concurrent.AbstractFuture$Listener listeners
com.facebook.fbreact.specs.NativeDevMenuSpec: java.lang.String NAME
com.facebook.react.fabric.FabricUIManager$4: int val$reactTag
com.reactnativecommunity.picker.ReactPickerManager: int BLUR_PICKER
androidx.coordinatorlayout.widget.CoordinatorLayout$SavedState: android.os.Parcelable$Creator CREATOR
com.facebook.react.uimanager.NativeViewHierarchyManager: java.util.HashMap mPendingDeletionsForTag
com.google.android.gms.signin.internal.zai: android.os.Parcelable$Creator CREATOR
com.facebook.react.fabric.FabricUIManager$4: int val$surfaceId
com.swmansion.rnscreens.ScreenStackHeaderConfigViewManager: com.facebook.react.uimanager.ViewManagerDelegate delegate
com.swmansion.gesturehandler.react.RNGestureHandlerModule: com.swmansion.gesturehandler.react.RNGestureHandlerModule$eventListener$1 eventListener
com.facebook.react.modules.deviceinfo.DeviceInfoModule: float fontScale
com.facebook.react.bridge.ReactContext: com.facebook.react.bridge.queue.ReactQueueConfiguration mQueueConfig
com.brentvatne.exoplayer.ReactExoplayerViewManager: java.lang.String PROP_SELECTED_VIDEO_TRACK
com.facebook.react.bridge.ReactMarkerConstants: com.facebook.react.bridge.ReactMarkerConstants FABRIC_UPDATE_UI_MAIN_THREAD_END
com.facebook.react.fabric.FabricUIManagerProviderImpl: com.facebook.react.fabric.ComponentFactory mComponentFactory
com.facebook.react.views.textinput.ReactTextInputManager: com.facebook.react.views.text.ReactTextViewManagerCallback mReactTextViewManagerCallback
com.swmansion.gesturehandler.react.RNGestureHandlerModule: java.lang.String KEY_PAN_ACTIVE_OFFSET_X_END
com.facebook.react.uimanager.RootViewManager: java.lang.String REACT_CLASS
com.facebook.react.fabric.mounting.SurfaceMountingManager$ViewState: com.facebook.react.bridge.ReadableMap mCurrentLocalData
com.facebook.react.views.switchview.ReactSwitchManager: java.lang.String REACT_CLASS
androidx.lifecycle.Lifecycle$Event: androidx.lifecycle.Lifecycle$Event$Companion Companion
com.facebook.react.modules.network.NetworkingModule: java.lang.String mDefaultUserAgent
androidx.media3.common.Metadata: android.os.Parcelable$Creator CREATOR
com.facebook.react.fabric.LongStreamingStats: double streamingAverage
com.facebook.react.modules.toast.ToastModule: java.lang.String GRAVITY_BOTTOM_KEY
com.facebook.react.bridge.ReactMarkerConstants: com.facebook.react.bridge.ReactMarkerConstants loadApplicationScript_endStringConvert
com.horcrux.svg.SvgView: boolean mResponsible
com.facebook.react.uimanager.BaseViewManager: float CAMERA_DISTANCE_NORMALIZATION_MULTIPLIER
com.facebook.react.fabric.StateWrapperImpl: boolean mDestroyed
com.google.android.exoplayer2.metadata.scte35.SpliceScheduleCommand: android.os.Parcelable$Creator CREATOR
com.swmansion.gesturehandler.react.RNGestureHandlerModule: java.lang.String NAME