android/app/build/outputs/mapping/release/usage.txt
com.indheart.BuildConfig
com.indheart.MainActivity:
    public final void setBadge(android.content.Context,int)
com.indheart.MyFirebaseMessagingService
com.indheart.R$color
com.indheart.R$drawable
com.indheart.R$integer
com.indheart.R$mipmap
com.indheart.R$raw
com.indheart.R$string
com.indheart.R$style:
    public static int ResetEditText
    public static int Theme_App_SplashScreen
    private void <init>()
com.indheart.R
...
com.google.android.gms.internal.base.zag
com.google.android.gms.internal.base.zah
com.google.android.gms.internal.base.zai
com.google.android.gms.internal.base.zaj
com.google.android.gms.internal.base.zak
com.google.android.gms.internal.base.zal
com.google.android.gms.internal.base.zam
com.google.android.gms.internal.base.zaq
com.google.android.gms.internal.base.zar
com.google.android.gms.internal.base.zas
com.google.android.gms.internal.base.zat
com.google.android.gms.internal.base.zau:
    public void <init>()
com.google.android.gms.internal.base.zav
com.google.android.gms.internal.cloudmessaging.zzd:
    private void <init>()
com.google.android.gms.internal.cloudmessaging.zzf:
    public void <init>()
com.google.android.gms.internal.common.zza:
    protected final void zzC(int,android.os.Parcel)
    protected final void zzD(int,android.os.Parcel)
com.google.android.gms.internal.common.zzaa
com.google.android.gms.internal.common.zzab
com.google.android.gms.internal.common.zzac
com.google.android.gms.internal.common.zzad
com.google.android.gms.internal.common.zzae
com.google.android.gms.internal.common.zzaf
com.google.android.gms.internal.common.zzag
com.google.android.gms.internal.common.zzah
com.google.android.gms.internal.common.zzai
com.google.android.gms.internal.common.zzaj
com.google.android.gms.internal.common.zzak
com.google.android.gms.internal.common.zzc:
    public static final synthetic int zza
    private void <init>()
    public static void zzc(android.os.Parcel,android.os.Parcelable)
    public static void zzd(android.os.Parcel,android.os.Parcelable)
    public static boolean zzf(android.os.Parcel)
com.google.android.gms.internal.common.zze
com.google.android.gms.internal.common.zzf
com.google.android.gms.internal.common.zzg
com.google.android.gms.internal.common.zzh
com.google.android.gms.internal.common.zzi:
    public void <init>()
com.google.android.gms.internal.common.zzj
com.google.android.gms.internal.common.zzk
com.google.android.gms.internal.common.zzl
com.google.android.gms.internal.common.zzm
com.google.android.gms.internal.common.zzn
com.google.android.gms.internal.common.zzo
com.google.android.gms.internal.common.zzp
com.google.android.gms.internal.common.zzq
com.google.android.gms.internal.common.zzr
com.google.android.gms.internal.common.zzs
com.google.android.gms.internal.common.zzt
com.google.android.gms.internal.common.zzu
com.google.android.gms.internal.common.zzv
com.google.android.gms.internal.common.zzw
com.google.android.gms.internal.common.zzx
com.google.android.gms.internal.common.zzy
com.google.android.gms.internal.common.zzz
com.google.android.gms.internal.fido.zza
com.google.android.gms.internal.fido.zzaa
com.google.android.gms.internal.fido.zzab
com.google.android.gms.internal.fido.zzac
com.google.android.gms.internal.fido.zzad
com.google.android.gms.internal.fido.zzae
com.google.android.gms.internal.fido.zzaf
com.google.android.gms.internal.fido.zzag
com.google.android.gms.internal.fido.zzah
com.google.android.gms.internal.fido.zzai
com.google.android.gms.internal.fido.zzaj
com.google.android.gms.internal.fido.zzak
com.google.android.gms.internal.fido.zzal
com.google.android.gms.internal.fido.zzam
com.google.android.gms.internal.fido.zzan
com.google.android.gms.internal.fido.zzao
com.google.android.gms.internal.fido.zzap
com.google.android.gms.internal.fido.zzaq
com.google.android.gms.internal.fido.zzar
com.google.android.gms.internal.fido.zzas
com.google.android.gms.internal.fido.zzat
com.google.android.gms.internal.fido.zzau
com.google.android.gms.internal.fido.zzav
com.google.android.gms.internal.fido.zzaw
com.google.android.gms.internal.fido.zzax
com.google.android.gms.internal.fido.zzay
com.google.android.gms.internal.fido.zzaz
com.google.android.gms.internal.fido.zzb
com.google.android.gms.internal.fido.zzba
com.google.android.gms.internal.fido.zzbb